<?xml version="1.0" encoding="UTF-8"?>
<!-- Generated by org.testng.reporters.JUnitXMLReporter -->
<testsuite ignored="0" hostname="HGT-LAP-362" failures="0" tests="12" name="Docscenarios Test Run" time="3862.831" errors="0" timestamp="2024-02-15T10:47:11 IST">
  <testcase classname="Testcases_Ramya.DocumentscenarioTest" name="@BeforeMethod initialize" time="181.592">
    <failure type="org.openqa.selenium.TimeoutException" message="java.util.concurrent.TimeoutException
Build info: version: &amp;apos;4.16.1&amp;apos;, revision: &amp;apos;9b4c83354e&amp;apos;
System info: os.name: &amp;apos;Windows 11&amp;apos;, os.arch: &amp;apos;amd64&amp;apos;, os.version: &amp;apos;10.0&amp;apos;, java.version: &amp;apos;21.0.1&amp;apos;
Driver info: org.openqa.selenium.chrome.ChromeDriver
Command: [fda55b1fd7ca1c84418fd0d513220137, get {url=https://dev.esigns.io/signin}]
Capabilities {acceptInsecureCerts: false, browserName: chrome-headless-shell, browserVersion: 121.0.6167.162, chrome: {chromedriverVersion: 121.0.6167.85 (3f98d690ad7e..., userDataDir: C:\Users\RAMYA~1.SIB\AppDat...}, fedcm:accounts: true, goog:chromeOptions: {debuggerAddress: localhost:57125}, networkConnectionEnabled: false, pageLoadStrategy: normal, platformName: windows, proxy: Proxy(), se:cdp: ws://localhost:57125/devtoo..., se:cdpVersion: 121.0.6167.162, setWindowRect: true, strictFileInteractability: false, timeouts: {implicit: 0, pageLoad: 300000, script: 30000}, unhandledPromptBehavior: dismiss and notify, webauthn:extension:credBlob: true, webauthn:extension:largeBlob: true, webauthn:extension:minPinLength: true, webauthn:extension:prf: true, webauthn:virtualAuthenticators: true}
Session ID: fda55b1fd7ca1c84418fd0d513220137">
      <![CDATA[org.openqa.selenium.TimeoutException: java.util.concurrent.TimeoutException
Build info: version: '4.16.1', revision: '9b4c83354e'
System info: os.name: 'Windows 11', os.arch: 'amd64', os.version: '10.0', java.version: '21.0.1'
Driver info: org.openqa.selenium.chrome.ChromeDriver
Command: [fda55b1fd7ca1c84418fd0d513220137, get {url=https://dev.esigns.io/signin}]
Capabilities {acceptInsecureCerts: false, browserName: chrome-headless-shell, browserVersion: 121.0.6167.162, chrome: {chromedriverVersion: 121.0.6167.85 (3f98d690ad7e..., userDataDir: C:\Users\RAMYA~1.SIB\AppDat...}, fedcm:accounts: true, goog:chromeOptions: {debuggerAddress: localhost:57125}, networkConnectionEnabled: false, pageLoadStrategy: normal, platformName: windows, proxy: Proxy(), se:cdp: ws://localhost:57125/devtoo..., se:cdpVersion: 121.0.6167.162, setWindowRect: true, strictFileInteractability: false, timeouts: {implicit: 0, pageLoad: 300000, script: 30000}, unhandledPromptBehavior: dismiss and notify, webauthn:extension:credBlob: true, webauthn:extension:largeBlob: true, webauthn:extension:minPinLength: true, webauthn:extension:prf: true, webauthn:virtualAuthenticators: true}
Session ID: fda55b1fd7ca1c84418fd0d513220137
at org.openqa.selenium.remote.http.jdk.JdkHttpClient.execute0(JdkHttpClient.java:402)
at org.openqa.selenium.remote.http.AddSeleniumUserAgent.lambda$apply$0(AddSeleniumUserAgent.java:42)
at org.openqa.selenium.remote.http.Filter.lambda$andFinally$1(Filter.java:55)
at org.openqa.selenium.remote.http.jdk.JdkHttpClient.execute(JdkHttpClient.java:358)
at org.openqa.selenium.remote.HttpCommandExecutor.execute(HttpCommandExecutor.java:188)
at org.openqa.selenium.remote.service.DriverCommandExecutor.invokeExecute(DriverCommandExecutor.java:200)
at org.openqa.selenium.remote.service.DriverCommandExecutor.execute(DriverCommandExecutor.java:175)
at org.openqa.selenium.remote.RemoteWebDriver.execute(RemoteWebDriver.java:523)
at org.openqa.selenium.remote.RemoteWebDriver.get(RemoteWebDriver.java:305)
at TestBase.Testcasebase.setUp(Testcasebase.java:17)
at Testcases_Ramya.DocumentscenarioTest.initialize(DocumentscenarioTest.java:16)
at java.base/java.util.ArrayList.forEach(ArrayList.java:1596)
Caused by: java.util.concurrent.TimeoutException
at java.base/java.util.concurrent.CompletableFuture.timedGet(CompletableFuture.java:1960)
at java.base/java.util.concurrent.CompletableFuture.get(CompletableFuture.java:2095)
at org.openqa.selenium.remote.http.jdk.JdkHttpClient.execute0(JdkHttpClient.java:385)
... 40 more
... Removed 29 stack frames]]>
    </failure>
  </testcase> <!-- @BeforeMethod initialize -->
  <testcase classname="Testcases_Ramya.DocumentscenarioTest" name="@BeforeMethod initialize" time="0.0">
    <skipped/>
  </testcase> <!-- @BeforeMethod initialize -->
  <testcase classname="Testcases_Ramya.DocumentscenarioTest" name="VerifyLoginFunctionalityWithValidCredantials" time="32.606"/>
  <testcase classname="Testcases_Ramya.DocumentscenarioTest" name="VerifyAppSigSenderorderWOEWOA" time="364.527"/>
  <testcase classname="Testcases_Ramya.DocumentscenarioTest" name="VerifySendersigCCorderWOEWOA" time="357.999"/>
  <testcase classname="Testcases_Ramya.DocumentscenarioTest" name="VerifySigSenderCCorderWOEWOA" time="496.369"/>
  <testcase classname="Testcases_Ramya.DocumentscenarioTest" name="VerifyCCSenderSingerWOEWOA" time="348.505"/>
  <testcase classname="Testcases_Ramya.DocumentscenarioTest" name="VerifySingerCCSenderWOEWOA" time="378.516"/>
  <testcase classname="Testcases_Ramya.DocumentscenarioTest" name="VerifySenderCCSignerWOEWOA" time="320.435"/>
  <testcase classname="Testcases_Ramya.DocumentscenarioTest" name="VerifyCCSignerSenderWOEWOA" time="343.126"/>
  <testcase classname="Testcases_Ramya.DocumentscenarioTest" name="VerifySenderMultipleApprovers" time="340.425"/>
  <testcase classname="Testcases_Ramya.DocumentscenarioTest" name="VerifyMultpleApproverSender" time="374.727"/>
  <testcase classname="Testcases_Ramya.DocumentscenarioTest" name="VerifySenderMultipleCC" time="0.0">
    <skipped/>
  </testcase> <!-- VerifySenderMultipleCC -->
  <testcase classname="Testcases_Ramya.DocumentscenarioTest" name="VerifyMultpleCCSender" time="0.0">
    <skipped/>
  </testcase> <!-- VerifyMultpleCCSender -->
</testsuite> <!-- Docscenarios Test Run -->
