<?xml version="1.0" encoding="UTF-8"?>
<!-- Generated by org.testng.reporters.JUnitXMLReporter -->
<testsuite ignored="105" hostname="HGT-LAP-362" failures="1" tests="1" name="Default test" time="160.365" errors="0" timestamp="2024-07-23T10:30:14 IST">
  <testcase classname="Testcases_Ramya.DocumentscenarioTest" name="VerifyLemitedPeriod" time="151.863">
    <failure type="org.openqa.selenium.InvalidElementStateException" message="invalid element state
  (Session info: chrome=126.0.6478.128)
Build info: version: &amp;apos;4.20.0&amp;apos;, revision: &amp;apos;866c76ca80&amp;apos;
System info: os.name: &amp;apos;Windows 11&amp;apos;, os.arch: &amp;apos;amd64&amp;apos;, os.version: &amp;apos;10.0&amp;apos;, java.version: &amp;apos;21.0.1&amp;apos;
Driver info: org.openqa.selenium.chrome.ChromeDriver
Command: [af442b605db3cad795629f5831df1580, clearElement {id=f.CBCFE67A90139B9152FDCEBB23BC109E.d.E1B446AA26785C4C72FAF0F5B9BF21E6.e.272}]
Capabilities {acceptInsecureCerts: false, browserName: chrome, browserVersion: 126.0.6478.128, chrome: {chromedriverVersion: 126.0.6478.182 (5b5d8292ddf..., userDataDir: C:\Users\RAMYA~1.SIB\AppDat...}, fedcm:accounts: true, goog:chromeOptions: {debuggerAddress: localhost:63836}, networkConnectionEnabled: false, pageLoadStrategy: normal, platformName: windows, proxy: Proxy(), se:cdp: ws://localhost:63836/devtoo..., se:cdpVersion: 126.0.6478.128, setWindowRect: true, strictFileInteractability: false, timeouts: {implicit: 0, pageLoad: 300000, script: 30000}, unhandledPromptBehavior: dismiss and notify, webauthn:extension:credBlob: true, webauthn:extension:largeBlob: true, webauthn:extension:minPinLength: true, webauthn:extension:prf: true, webauthn:virtualAuthenticators: true}
Element: [[ChromeDriver: chrome on windows (af442b605db3cad795629f5831df1580)] -&amp;gt; xpath: (//input[@class=&amp;apos;el-input__inner&amp;apos;])[1]]
Session ID: af442b605db3cad795629f5831df1580">
      <![CDATA[org.openqa.selenium.InvalidElementStateException: invalid element state
  (Session info: chrome=126.0.6478.128)
Build info: version: '4.20.0', revision: '866c76ca80'
System info: os.name: 'Windows 11', os.arch: 'amd64', os.version: '10.0', java.version: '21.0.1'
Driver info: org.openqa.selenium.chrome.ChromeDriver
Command: [af442b605db3cad795629f5831df1580, clearElement {id=f.CBCFE67A90139B9152FDCEBB23BC109E.d.E1B446AA26785C4C72FAF0F5B9BF21E6.e.272}]
Capabilities {acceptInsecureCerts: false, browserName: chrome, browserVersion: 126.0.6478.128, chrome: {chromedriverVersion: 126.0.6478.182 (5b5d8292ddf..., userDataDir: C:\Users\RAMYA~1.SIB\AppDat...}, fedcm:accounts: true, goog:chromeOptions: {debuggerAddress: localhost:63836}, networkConnectionEnabled: false, pageLoadStrategy: normal, platformName: windows, proxy: Proxy(), se:cdp: ws://localhost:63836/devtoo..., se:cdpVersion: 126.0.6478.128, setWindowRect: true, strictFileInteractability: false, timeouts: {implicit: 0, pageLoad: 300000, script: 30000}, unhandledPromptBehavior: dismiss and notify, webauthn:extension:credBlob: true, webauthn:extension:largeBlob: true, webauthn:extension:minPinLength: true, webauthn:extension:prf: true, webauthn:virtualAuthenticators: true}
Element: [[ChromeDriver: chrome on windows (af442b605db3cad795629f5831df1580)] -> xpath: (//input[@class='el-input__inner'])[1]]
Session ID: af442b605db3cad795629f5831df1580
at java.base/jdk.internal.reflect.DirectConstructorHandleAccessor.newInstance(DirectConstructorHandleAccessor.java:62)
at java.base/java.lang.reflect.Constructor.newInstanceWithCaller(Constructor.java:502)
at java.base/java.lang.reflect.Constructor.newInstance(Constructor.java:486)
at org.openqa.selenium.remote.ErrorCodec.decode(ErrorCodec.java:167)
at org.openqa.selenium.remote.codec.w3c.W3CHttpResponseCodec.decode(W3CHttpResponseCodec.java:138)
at org.openqa.selenium.remote.codec.w3c.W3CHttpResponseCodec.decode(W3CHttpResponseCodec.java:50)
at org.openqa.selenium.remote.HttpCommandExecutor.execute(HttpCommandExecutor.java:190)
at org.openqa.selenium.remote.service.DriverCommandExecutor.invokeExecute(DriverCommandExecutor.java:216)
at org.openqa.selenium.remote.service.DriverCommandExecutor.execute(DriverCommandExecutor.java:174)
at org.openqa.selenium.remote.RemoteWebDriver.execute(RemoteWebDriver.java:518)
at org.openqa.selenium.remote.RemoteWebElement.execute(RemoteWebElement.java:223)
at org.openqa.selenium.remote.RemoteWebElement.clear(RemoteWebElement.java:129)
at Pages.DocumentsScenarios.RemainderSettings(DocumentsScenarios.java:2943)
at Testcases_Ramya.DocumentscenarioTest.VerifyLemitedPeriod(DocumentscenarioTest.java:2035)
at java.base/jdk.internal.reflect.DirectMethodHandleAccessor.invoke(DirectMethodHandleAccessor.java:103)
at java.base/java.lang.reflect.Method.invoke(Method.java:580)
at org.testng.internal.invokers.MethodInvocationHelper.invokeMethod(MethodInvocationHelper.java:139)
at org.testng.internal.invokers.TestInvoker.invokeMethod(TestInvoker.java:664)
at org.testng.internal.invokers.TestInvoker.invokeTestMethod(TestInvoker.java:227)
at org.testng.internal.invokers.MethodRunner.runInSequence(MethodRunner.java:50)
at org.testng.internal.invokers.TestInvoker$MethodInvocationAgent.invoke(TestInvoker.java:957)
at org.testng.internal.invokers.TestInvoker.invokeTestMethods(TestInvoker.java:200)
at org.testng.internal.invokers.TestMethodWorker.invokeTestMethods(TestMethodWorker.java:148)
at org.testng.internal.invokers.TestMethodWorker.run(TestMethodWorker.java:128)
at java.base/java.util.ArrayList.forEach(ArrayList.java:1596)
at org.testng.TestRunner.privateRun(TestRunner.java:848)
at org.testng.TestRunner.run(TestRunner.java:621)
at org.testng.SuiteRunner.runTest(SuiteRunner.java:443)
at org.testng.SuiteRunner.runSequentially(SuiteRunner.java:437)
at org.testng.SuiteRunner.privateRun(SuiteRunner.java:397)
at org.testng.SuiteRunner.run(SuiteRunner.java:336)
at org.testng.SuiteRunnerWorker.runSuite(SuiteRunnerWorker.java:52)
at org.testng.SuiteRunnerWorker.run(SuiteRunnerWorker.java:95)
at org.testng.TestNG.runSuitesSequentially(TestNG.java:1280)
at org.testng.TestNG.runSuitesLocally(TestNG.java:1200)
at org.testng.TestNG.runSuites(TestNG.java:1114)
at org.testng.TestNG.run(TestNG.java:1082)
at org.testng.remote.AbstractRemoteTestNG.run(AbstractRemoteTestNG.java:115)
at org.testng.remote.RemoteTestNG.initAndRun(RemoteTestNG.java:251)
at org.testng.remote.RemoteTestNG.main(RemoteTestNG.java:77)
]]>
    </failure>
  </testcase> <!-- VerifyLemitedPeriod -->
  <testcase classname="Testcases_Ramya.DocumentscenarioTest" name="SplitSinglelineText" time="0.0">
    <ignored/>
  </testcase> <!-- SplitSinglelineText -->
  <testcase classname="Testcases_Ramya.DocumentscenarioTest" name="Templateaction" time="0.0">
    <ignored/>
  </testcase> <!-- Templateaction -->
  <testcase classname="Testcases_Ramya.DocumentscenarioTest" name="VerifyNeverUpdate" time="0.0">
    <ignored/>
  </testcase> <!-- VerifyNeverUpdate -->
  <testcase classname="Testcases_Ramya.DocumentscenarioTest" name="Verifyotheroptionshistory" time="0.0">
    <ignored/>
  </testcase> <!-- Verifyotheroptionshistory -->
  <testcase classname="Testcases_Ramya.DocumentscenarioTest" name="VerifyAddingImage" time="0.0">
    <ignored/>
  </testcase> <!-- VerifyAddingImage -->
  <testcase classname="Testcases_Ramya.DocumentscenarioTest" name="VerifyAddStartRating" time="0.0">
    <ignored/>
  </testcase> <!-- VerifyAddStartRating -->
  <testcase classname="Testcases_Ramya.DocumentscenarioTest" name="VerifyWaitingForOthersDocumentsettings" time="0.0">
    <ignored/>
  </testcase> <!-- VerifyWaitingForOthersDocumentsettings -->
  <testcase classname="Testcases_Ramya.DocumentscenarioTest" name="VerifyDuplicateGlobalvariable" time="0.0">
    <ignored/>
  </testcase> <!-- VerifyDuplicateGlobalvariable -->
  <testcase classname="Testcases_Ramya.DocumentscenarioTest" name="Verifyotheroptionssaveastem" time="0.0">
    <ignored/>
  </testcase> <!-- Verifyotheroptionssaveastem -->
  <testcase classname="Testcases_Ramya.DocumentscenarioTest" name="VerifyApproverSenderDecline" time="0.0">
    <ignored/>
  </testcase> <!-- VerifyApproverSenderDecline -->
  <testcase classname="Testcases_Ramya.DocumentscenarioTest" name="VerifyCompletedDeletedocuement" time="0.0">
    <ignored/>
  </testcase> <!-- VerifyCompletedDeletedocuement -->
  <testcase classname="Testcases_Ramya.DocumentscenarioTest" name="VerifyDelineddocument" time="0.0">
    <ignored/>
  </testcase> <!-- VerifyDelineddocument -->
  <testcase classname="Testcases_Ramya.DocumentscenarioTest" name="VerifyApprovedVoidDocument" time="0.0">
    <ignored/>
  </testcase> <!-- VerifyApprovedVoidDocument -->
  <testcase classname="Testcases_Ramya.DocumentscenarioTest" name="VerifyAddCheckBoxGroup" time="0.0">
    <ignored/>
  </testcase> <!-- VerifyAddCheckBoxGroup -->
  <testcase classname="Testcases_Ramya.DocumentscenarioTest" name="VerifySentVoiddocument" time="0.0">
    <ignored/>
  </testcase> <!-- VerifySentVoiddocument -->
  <testcase classname="Testcases_Ramya.DocumentscenarioTest" name="VerifyStrikeEraseuploadDocument" time="0.0">
    <ignored/>
  </testcase> <!-- VerifyStrikeEraseuploadDocument -->
  <testcase classname="Testcases_Ramya.DocumentscenarioTest" name="VerifyChangeDoc" time="0.0">
    <ignored/>
  </testcase> <!-- VerifyChangeDoc -->
  <testcase classname="Testcases_Ramya.DocumentscenarioTest" name="VerifyArchivedRenamedocuments" time="0.0">
    <ignored/>
  </testcase> <!-- VerifyArchivedRenamedocuments -->
  <testcase classname="Testcases_Ramya.DocumentscenarioTest" name="VerifyAddingCurrency" time="0.0">
    <ignored/>
  </testcase> <!-- VerifyAddingCurrency -->
  <testcase classname="Testcases_Ramya.DocumentscenarioTest" name="VerifyAddRadioGroup" time="0.0">
    <ignored/>
  </testcase> <!-- VerifyAddRadioGroup -->
  <testcase classname="Testcases_Ramya.DocumentscenarioTest" name="VerifyOtheroptionsdownload" time="0.0">
    <ignored/>
  </testcase> <!-- VerifyOtheroptionsdownload -->
  <testcase classname="Testcases_Ramya.DocumentscenarioTest" name="RunningInLoop" time="0.0">
    <ignored/>
  </testcase> <!-- RunningInLoop -->
  <testcase classname="Testcases_Ramya.DocumentscenarioTest" name="VerifyApprovedSaveAsTemplate" time="0.0">
    <ignored/>
  </testcase> <!-- VerifyApprovedSaveAsTemplate -->
  <testcase classname="Testcases_Ramya.DocumentscenarioTest" name="VerifyVoidClonedocument" time="0.0">
    <ignored/>
  </testcase> <!-- VerifyVoidClonedocument -->
  <testcase classname="Testcases_Ramya.DocumentscenarioTest" name="VerifyOtheroptionsdeletedocument" time="0.0">
    <ignored/>
  </testcase> <!-- VerifyOtheroptionsdeletedocument -->
  <testcase classname="Testcases_Ramya.DocumentscenarioTest" name="VerifyDraftDocumentSettings" time="0.0">
    <ignored/>
  </testcase> <!-- VerifyDraftDocumentSettings -->
  <testcase classname="Testcases_Ramya.DocumentscenarioTest" name="VerifyWaitingForOthersDeletedocument" time="0.0">
    <ignored/>
  </testcase> <!-- VerifyWaitingForOthersDeletedocument -->
  <testcase classname="Testcases_Ramya.DocumentscenarioTest" name="VerifySentResenddocument" time="0.0">
    <ignored/>
  </testcase> <!-- VerifySentResenddocument -->
  <testcase classname="Testcases_Ramya.DocumentscenarioTest" name="VerifyDocForSingleSender" time="0.0">
    <ignored/>
  </testcase> <!-- VerifyDocForSingleSender -->
  <testcase classname="Testcases_Ramya.DocumentscenarioTest" name="VerifyAddPages" time="0.0">
    <ignored/>
  </testcase> <!-- VerifyAddPages -->
  <testcase classname="Testcases_Ramya.DocumentscenarioTest" name="VerifyApprovedRenameDocument" time="0.0">
    <ignored/>
  </testcase> <!-- VerifyApprovedRenameDocument -->
  <testcase classname="Testcases_Ramya.DocumentscenarioTest" name="VerifyApproverSenderapprove" time="0.0">
    <ignored/>
  </testcase> <!-- VerifyApproverSenderapprove -->
  <testcase classname="Testcases_Ramya.DocumentscenarioTest" name="VerifyCCSignerSenderWOEWOA" time="0.0">
    <ignored/>
  </testcase> <!-- VerifyCCSignerSenderWOEWOA -->
  <testcase classname="Testcases_Ramya.DocumentscenarioTest" name="VerifyWaitingForOthersSaveastemplate" time="0.0">
    <ignored/>
  </testcase> <!-- VerifyWaitingForOthersSaveastemplate -->
  <testcase classname="Testcases_Ramya.DocumentscenarioTest" name="VerifyUpdateafteruserfinishesthedocument" time="0.0">
    <ignored/>
  </testcase> <!-- VerifyUpdateafteruserfinishesthedocument -->
  <testcase classname="Testcases_Ramya.DocumentscenarioTest" name="VerifyArchivedUndodocument" time="0.0">
    <ignored/>
  </testcase> <!-- VerifyArchivedUndodocument -->
  <testcase classname="Testcases_Ramya.DocumentscenarioTest" name="VerifySentRenamedocument" time="0.0">
    <ignored/>
  </testcase> <!-- VerifySentRenamedocument -->
  <testcase classname="Testcases_Ramya.DocumentscenarioTest" name="VerifyWaitingForOthersResenddocument" time="0.0">
    <ignored/>
  </testcase> <!-- VerifyWaitingForOthersResenddocument -->
  <testcase classname="Testcases_Ramya.DocumentscenarioTest" name="VerifySentDeletedocument" time="0.0">
    <ignored/>
  </testcase> <!-- VerifySentDeletedocument -->
  <testcase classname="Testcases_Ramya.DocumentscenarioTest" name="VerifyCompletedSharewithothers" time="0.0">
    <ignored/>
  </testcase> <!-- VerifyCompletedSharewithothers -->
  <testcase classname="Testcases_Ramya.DocumentscenarioTest" name="VerifyWaitingForOthersVoiddocument" time="0.0">
    <ignored/>
  </testcase> <!-- VerifyWaitingForOthersVoiddocument -->
  <testcase classname="Testcases_Ramya.DocumentscenarioTest" name="VerifySenderMultipleCC" time="0.0">
    <ignored/>
  </testcase> <!-- VerifySenderMultipleCC -->
  <testcase classname="Testcases_Ramya.DocumentscenarioTest" name="VerifyFormBuilder" time="0.0">
    <ignored/>
  </testcase> <!-- VerifyFormBuilder -->
  <testcase classname="Testcases_Ramya.DocumentscenarioTest" name="VerifySigSenderCCorderWOEWOA" time="0.0">
    <ignored/>
  </testcase> <!-- VerifySigSenderCCorderWOEWOA -->
  <testcase classname="Testcases_Ramya.DocumentscenarioTest" name="VerifyCCSenderSingerWOEWOA" time="0.0">
    <ignored/>
  </testcase> <!-- VerifyCCSenderSingerWOEWOA -->
  <testcase classname="Testcases_Ramya.DocumentscenarioTest" name="Verifyotheroptionsprintandsign" time="0.0">
    <ignored/>
  </testcase> <!-- Verifyotheroptionsprintandsign -->
  <testcase classname="Testcases_Ramya.DocumentscenarioTest" name="VerifyEditGlobalvariable" time="0.0">
    <ignored/>
  </testcase> <!-- VerifyEditGlobalvariable -->
  <testcase classname="Testcases_Ramya.DocumentscenarioTest" name="VerifyDeletePages" time="0.0">
    <ignored/>
  </testcase> <!-- VerifyDeletePages -->
  <testcase classname="Testcases_Ramya.DocumentscenarioTest" name="VerifySentdocumentsettings" time="0.0">
    <ignored/>
  </testcase> <!-- VerifySentdocumentsettings -->
  <testcase classname="Testcases_Ramya.DocumentscenarioTest" name="VerifyAddingHtmlGlobalvariables" time="0.0">
    <ignored/>
  </testcase> <!-- VerifyAddingHtmlGlobalvariables -->
  <testcase classname="Testcases_Ramya.DocumentscenarioTest" name="VerifyDeclinedDocumentSettings" time="0.0">
    <ignored/>
  </testcase> <!-- VerifyDeclinedDocumentSettings -->
  <testcase classname="Testcases_Ramya.DocumentscenarioTest" name="VerifySentsavetoTemplate" time="0.0">
    <ignored/>
  </testcase> <!-- VerifySentsavetoTemplate -->
  <testcase classname="Testcases_Ramya.DocumentscenarioTest" name="VerifyClonedocumentForsinglesender" time="0.0">
    <ignored/>
  </testcase> <!-- VerifyClonedocumentForsinglesender -->
  <testcase classname="Testcases_Ramya.DocumentscenarioTest" name="VerfySaveAsDraft" time="0.0">
    <ignored/>
  </testcase> <!-- VerfySaveAsDraft -->
  <testcase classname="Testcases_Ramya.DocumentscenarioTest" name="VerifyProcessSingleDoc" time="0.0">
    <ignored/>
  </testcase> <!-- VerifyProcessSingleDoc -->
  <testcase classname="Testcases_Ramya.DocumentscenarioTest" name="Verifyotheroptionsvoiddoc" time="0.0">
    <ignored/>
  </testcase> <!-- Verifyotheroptionsvoiddoc -->
  <testcase classname="Testcases_Ramya.DocumentscenarioTest" name="VerifyBuldDeleteDocuments" time="0.0">
    <ignored/>
  </testcase> <!-- VerifyBuldDeleteDocuments -->
  <testcase classname="Testcases_Ramya.DocumentscenarioTest" name="VerifyPdfAutoFillreceiver" time="0.0">
    <ignored/>
  </testcase> <!-- VerifyPdfAutoFillreceiver -->
  <testcase classname="Testcases_Ramya.DocumentscenarioTest" name="VerifyotheroptionsCorrectdoc" time="0.0">
    <ignored/>
  </testcase> <!-- VerifyotheroptionsCorrectdoc -->
  <testcase classname="Testcases_Ramya.DocumentscenarioTest" name="VerifyLoginFunctionalityWithValidCredantials" time="0.0">
    <ignored/>
  </testcase> <!-- VerifyLoginFunctionalityWithValidCredantials -->
  <testcase classname="Testcases_Ramya.DocumentscenarioTest" name="VerifyWaitingForOthersRenamedocument" time="0.0">
    <ignored/>
  </testcase> <!-- VerifyWaitingForOthersRenamedocument -->
  <testcase classname="Testcases_Ramya.DocumentscenarioTest" name="VerifySenderCCSignerWOEWOA" time="0.0">
    <ignored/>
  </testcase> <!-- VerifySenderCCSignerWOEWOA -->
  <testcase classname="Testcases_Ramya.DocumentscenarioTest" name="VerifyDraftrenamedocument" time="0.0">
    <ignored/>
  </testcase> <!-- VerifyDraftrenamedocument -->
  <testcase classname="Testcases_Ramya.DocumentscenarioTest" name="VerifyAddEntityfieldstodocumentprimaryfields1" time="0.0">
    <ignored/>
  </testcase> <!-- VerifyAddEntityfieldstodocumentprimaryfields1 -->
  <testcase classname="Testcases_Ramya.DocumentscenarioTest" name="VerifyAppSigSenderorderWOEWOA" time="0.0">
    <ignored/>
  </testcase> <!-- VerifyAppSigSenderorderWOEWOA -->
  <testcase classname="Testcases_Ramya.DocumentscenarioTest" name="VerifyDaftsentdocument" time="0.0">
    <ignored/>
  </testcase> <!-- VerifyDaftsentdocument -->
  <testcase classname="Testcases_Ramya.DocumentscenarioTest" name="VerifYVoidSaveastemplate" time="0.0">
    <ignored/>
  </testcase> <!-- VerifYVoidSaveastemplate -->
  <testcase classname="Testcases_Ramya.DocumentscenarioTest" name="VerifyAddingList" time="0.0">
    <ignored/>
  </testcase> <!-- VerifyAddingList -->
  <testcase classname="Testcases_Ramya.DocumentscenarioTest" name="Updateparentdata" time="0.0">
    <ignored/>
  </testcase> <!-- Updateparentdata -->
  <testcase classname="Testcases_Ramya.DocumentscenarioTest" name="VerifySettings" time="0.0">
    <ignored/>
  </testcase> <!-- VerifySettings -->
  <testcase classname="Testcases_Ramya.DocumentscenarioTest" name="VerifyMultpleCCSender" time="0.0">
    <ignored/>
  </testcase> <!-- VerifyMultpleCCSender -->
  <testcase classname="Testcases_Ramya.DocumentscenarioTest" name="VerifyDeclinedDeclinedRenamedocument" time="0.0">
    <ignored/>
  </testcase> <!-- VerifyDeclinedDeclinedRenamedocument -->
  <testcase classname="Testcases_Ramya.DocumentscenarioTest" name="VerifyUpdateAddEntityfieldstodocumentprimaryfields" time="0.0">
    <ignored/>
  </testcase> <!-- VerifyUpdateAddEntityfieldstodocumentprimaryfields -->
  <testcase classname="Testcases_Ramya.DocumentscenarioTest" name="VerifyDraftDeleteDocument" time="0.0">
    <ignored/>
  </testcase> <!-- VerifyDraftDeleteDocument -->
  <testcase classname="Testcases_Ramya.DocumentscenarioTest" name="VerifyMultpleApproverSender" time="0.0">
    <ignored/>
  </testcase> <!-- VerifyMultpleApproverSender -->
  <testcase classname="Testcases_Ramya.DocumentscenarioTest" name="VerifyCopylink" time="0.0">
    <ignored/>
  </testcase> <!-- VerifyCopylink -->
  <testcase classname="Testcases_Ramya.DocumentscenarioTest" name="Verifyotheroptionsfinishlater" time="0.0">
    <ignored/>
  </testcase> <!-- Verifyotheroptionsfinishlater -->
  <testcase classname="Testcases_Ramya.DocumentscenarioTest" name="VerifyCompletedDownloaddocuement" time="0.0">
    <ignored/>
  </testcase> <!-- VerifyCompletedDownloaddocuement -->
  <testcase classname="Testcases_Ramya.DocumentscenarioTest" name="VerifyApprovedApprovedDeleteDocument" time="0.0">
    <ignored/>
  </testcase> <!-- VerifyApprovedApprovedDeleteDocument -->
  <testcase classname="Testcases_Ramya.DocumentscenarioTest" name="VerifyDeleteGlobalvariable" time="0.0">
    <ignored/>
  </testcase> <!-- VerifyDeleteGlobalvariable -->
  <testcase classname="Testcases_Ramya.DocumentscenarioTest" name="VerifyCompletedClonedocument" time="0.0">
    <ignored/>
  </testcase> <!-- VerifyCompletedClonedocument -->
  <testcase classname="Testcases_Ramya.DocumentscenarioTest" name="Verifychatandlogs" time="0.0">
    <ignored/>
  </testcase> <!-- Verifychatandlogs -->
  <testcase classname="Testcases_Ramya.DocumentscenarioTest" name="VerifyDeclinedDeletedocument" time="0.0">
    <ignored/>
  </testcase> <!-- VerifyDeclinedDeletedocument -->
  <testcase classname="Testcases_Ramya.DocumentscenarioTest" name="Verifychangeuser" time="0.0">
    <ignored/>
  </testcase> <!-- Verifychangeuser -->
  <testcase classname="Testcases_Ramya.DocumentscenarioTest" name="Verifyotheroptionssettings" time="0.0">
    <ignored/>
  </testcase> <!-- Verifyotheroptionssettings -->
  <testcase classname="Testcases_Ramya.DocumentscenarioTest" name="VerifySendersigCCorderWOEWOA" time="0.0">
    <ignored/>
  </testcase> <!-- VerifySendersigCCorderWOEWOA -->
  <testcase classname="Testcases_Ramya.DocumentscenarioTest" name="VerifyApprovedCorrectdocumentDocuments" time="0.0">
    <ignored/>
  </testcase> <!-- VerifyApprovedCorrectdocumentDocuments -->
  <testcase classname="Testcases_Ramya.DocumentscenarioTest" name="VerifyApprovedResendDocument" time="0.0">
    <ignored/>
  </testcase> <!-- VerifyApprovedResendDocument -->
  <testcase classname="Testcases_Ramya.DocumentscenarioTest" name="VerifyProcessWithOutSingledoc" time="0.0">
    <ignored/>
  </testcase> <!-- VerifyProcessWithOutSingledoc -->
  <testcase classname="Testcases_Ramya.DocumentscenarioTest" name="VerifyLockFields" time="0.0">
    <ignored/>
  </testcase> <!-- VerifyLockFields -->
  <testcase classname="Testcases_Ramya.DocumentscenarioTest" name="VerifyWaitformeWaitforme" time="0.0">
    <ignored/>
  </testcase> <!-- VerifyWaitformeWaitforme -->
  <testcase classname="Testcases_Ramya.DocumentscenarioTest" name="VerifyArchivedPermanentdelete" time="0.0">
    <ignored/>
  </testcase> <!-- VerifyArchivedPermanentdelete -->
  <testcase classname="Testcases_Ramya.DocumentscenarioTest" name="VerifyCompletedSenttomail" time="0.0">
    <ignored/>
  </testcase> <!-- VerifyCompletedSenttomail -->
  <testcase classname="Testcases_Ramya.DocumentscenarioTest" name="VerifySentCorrectDocument" time="0.0">
    <ignored/>
  </testcase> <!-- VerifySentCorrectDocument -->
  <testcase classname="Testcases_Ramya.DocumentscenarioTest" name="VerifySenderMultipleApprovers" time="0.0">
    <ignored/>
  </testcase> <!-- VerifySenderMultipleApprovers -->
  <testcase classname="Testcases_Ramya.DocumentscenarioTest" name="VerifydocumentWith10user" time="0.0">
    <ignored/>
  </testcase> <!-- VerifydocumentWith10user -->
  <testcase classname="Testcases_Ramya.DocumentscenarioTest" name="VerifySingerCCSenderWOEWOA" time="0.0">
    <ignored/>
  </testcase> <!-- VerifySingerCCSenderWOEWOA -->
  <testcase classname="Testcases_Ramya.DocumentscenarioTest" name="VerifyWaitingForOthersCorrectdocument" time="0.0">
    <ignored/>
  </testcase> <!-- VerifyWaitingForOthersCorrectdocument -->
  <testcase classname="Testcases_Ramya.DocumentscenarioTest" name="VerifyDraftSaveAsTemplate" time="0.0">
    <ignored/>
  </testcase> <!-- VerifyDraftSaveAsTemplate -->
  <testcase classname="Testcases_Ramya.DocumentscenarioTest" name="UpdateAfterdocumentcompletionTemplate" time="0.0">
    <ignored/>
  </testcase> <!-- UpdateAfterdocumentcompletionTemplate -->
  <testcase classname="Testcases_Ramya.DocumentscenarioTest" name="VerifyApprovedDocumentSettings" time="0.0">
    <ignored/>
  </testcase> <!-- VerifyApprovedDocumentSettings -->
  <testcase classname="Testcases_Ramya.DocumentscenarioTest" name="VerifyCompletedSaveastemplate" time="0.0">
    <ignored/>
  </testcase> <!-- VerifyCompletedSaveastemplate -->
  <testcase classname="Testcases_Ramya.DocumentscenarioTest" name="VerifyVoidDeletedocument" time="0.0">
    <ignored/>
  </testcase> <!-- VerifyVoidDeletedocument -->
  <testcase classname="Testcases_Ramya.DocumentscenarioTest" name="VerifyCompletedRenamedocument" time="0.0">
    <ignored/>
  </testcase> <!-- VerifyCompletedRenamedocument -->
  <testcase classname="Testcases_Ramya.DocumentscenarioTest" name="VerifyDeclinedVoiddocument" time="0.0">
    <ignored/>
  </testcase> <!-- VerifyDeclinedVoiddocument -->
</testsuite> <!-- Default test -->
