<?xml version="1.0" encoding="UTF-8"?>
<!-- Generated by org.testng.reporters.JUnitXMLReporter -->
<testsuite ignored="0" hostname="HGT-LAP-362" failures="0" tests="89" name="Test Parallel" time="181.834" errors="0" timestamp="2024-06-07T16:25:04 IST">
  <testcase classname="Testcases_Ramya.DocumentscenarioTest" name="@BeforeMethod initialize" time="181.631">
    <failure type="org.openqa.selenium.TimeoutException" message="java.util.concurrent.TimeoutException
Build info: version: &amp;apos;4.20.0&amp;apos;, revision: &amp;apos;866c76ca80&amp;apos;
System info: os.name: &amp;apos;Windows 11&amp;apos;, os.arch: &amp;apos;amd64&amp;apos;, os.version: &amp;apos;10.0&amp;apos;, java.version: &amp;apos;21.0.1&amp;apos;
Driver info: org.openqa.selenium.chrome.ChromeDriver
Command: [b19501c9bb791a06fa3e17585dc78639, get {url=https://nsui.esigns.io/}]
Capabilities {acceptInsecureCerts: false, browserName: chrome, browserVersion: 125.0.6422.142, chrome: {chromedriverVersion: 125.0.6422.141 (4b1e8393712..., userDataDir: C:\Users\RAMYA~1.SIB\AppDat...}, fedcm:accounts: true, goog:chromeOptions: {debuggerAddress: localhost:51327}, networkConnectionEnabled: false, pageLoadStrategy: normal, platformName: windows, proxy: Proxy(), se:cdp: ws://localhost:51327/devtoo..., se:cdpVersion: 125.0.6422.142, setWindowRect: true, strictFileInteractability: false, timeouts: {implicit: 0, pageLoad: 300000, script: 30000}, unhandledPromptBehavior: dismiss and notify, webauthn:extension:credBlob: true, webauthn:extension:largeBlob: true, webauthn:extension:minPinLength: true, webauthn:extension:prf: true, webauthn:virtualAuthenticators: true}
Session ID: b19501c9bb791a06fa3e17585dc78639">
      <![CDATA[org.openqa.selenium.TimeoutException: java.util.concurrent.TimeoutException
Build info: version: '4.20.0', revision: '866c76ca80'
System info: os.name: 'Windows 11', os.arch: 'amd64', os.version: '10.0', java.version: '21.0.1'
Driver info: org.openqa.selenium.chrome.ChromeDriver
Command: [b19501c9bb791a06fa3e17585dc78639, get {url=https://nsui.esigns.io/}]
Capabilities {acceptInsecureCerts: false, browserName: chrome, browserVersion: 125.0.6422.142, chrome: {chromedriverVersion: 125.0.6422.141 (4b1e8393712..., userDataDir: C:\Users\RAMYA~1.SIB\AppDat...}, fedcm:accounts: true, goog:chromeOptions: {debuggerAddress: localhost:51327}, networkConnectionEnabled: false, pageLoadStrategy: normal, platformName: windows, proxy: Proxy(), se:cdp: ws://localhost:51327/devtoo..., se:cdpVersion: 125.0.6422.142, setWindowRect: true, strictFileInteractability: false, timeouts: {implicit: 0, pageLoad: 300000, script: 30000}, unhandledPromptBehavior: dismiss and notify, webauthn:extension:credBlob: true, webauthn:extension:largeBlob: true, webauthn:extension:minPinLength: true, webauthn:extension:prf: true, webauthn:virtualAuthenticators: true}
Session ID: b19501c9bb791a06fa3e17585dc78639
at org.openqa.selenium.remote.http.jdk.JdkHttpClient.execute0(JdkHttpClient.java:396)
at org.openqa.selenium.remote.http.AddSeleniumUserAgent.lambda$apply$0(AddSeleniumUserAgent.java:42)
at org.openqa.selenium.remote.http.Filter.lambda$andFinally$1(Filter.java:55)
at org.openqa.selenium.remote.http.jdk.JdkHttpClient.execute(JdkHttpClient.java:352)
at org.openqa.selenium.remote.HttpCommandExecutor.execute(HttpCommandExecutor.java:187)
at org.openqa.selenium.remote.service.DriverCommandExecutor.invokeExecute(DriverCommandExecutor.java:216)
at org.openqa.selenium.remote.service.DriverCommandExecutor.execute(DriverCommandExecutor.java:174)
at org.openqa.selenium.remote.RemoteWebDriver.execute(RemoteWebDriver.java:518)
at org.openqa.selenium.remote.RemoteWebDriver.get(RemoteWebDriver.java:300)
at TestBase.Testcasebase.setUp(Testcasebase.java:48)
at Testcases_Ramya.DocumentscenarioTest.initialize(DocumentscenarioTest.java:32)
at java.base/java.util.concurrent.ThreadPoolExecutor.runWorker(ThreadPoolExecutor.java:1144)
at java.base/java.util.concurrent.ThreadPoolExecutor$Worker.run(ThreadPoolExecutor.java:642)
at java.base/java.lang.Thread.run(Thread.java:1583)
Caused by: java.util.concurrent.TimeoutException
at java.base/java.util.concurrent.CompletableFuture.timedGet(CompletableFuture.java:1960)
at java.base/java.util.concurrent.CompletableFuture.get(CompletableFuture.java:2095)
at org.openqa.selenium.remote.http.jdk.JdkHttpClient.execute0(JdkHttpClient.java:379)
... 27 more
... Removed 14 stack frames]]>
    </failure>
  </testcase> <!-- @BeforeMethod initialize -->
  <testcase classname="Testcases_Ramya.DocumentscenarioTest" name="@BeforeMethod initialize" time="181.635">
    <failure type="org.openqa.selenium.TimeoutException" message="java.util.concurrent.TimeoutException
Build info: version: &amp;apos;4.20.0&amp;apos;, revision: &amp;apos;866c76ca80&amp;apos;
System info: os.name: &amp;apos;Windows 11&amp;apos;, os.arch: &amp;apos;amd64&amp;apos;, os.version: &amp;apos;10.0&amp;apos;, java.version: &amp;apos;21.0.1&amp;apos;
Driver info: org.openqa.selenium.chrome.ChromeDriver
Command: [b19501c9bb791a06fa3e17585dc78639, get {url=https://nsui.esigns.io/}]
Capabilities {acceptInsecureCerts: false, browserName: chrome, browserVersion: 125.0.6422.142, chrome: {chromedriverVersion: 125.0.6422.141 (4b1e8393712..., userDataDir: C:\Users\RAMYA~1.SIB\AppDat...}, fedcm:accounts: true, goog:chromeOptions: {debuggerAddress: localhost:51327}, networkConnectionEnabled: false, pageLoadStrategy: normal, platformName: windows, proxy: Proxy(), se:cdp: ws://localhost:51327/devtoo..., se:cdpVersion: 125.0.6422.142, setWindowRect: true, strictFileInteractability: false, timeouts: {implicit: 0, pageLoad: 300000, script: 30000}, unhandledPromptBehavior: dismiss and notify, webauthn:extension:credBlob: true, webauthn:extension:largeBlob: true, webauthn:extension:minPinLength: true, webauthn:extension:prf: true, webauthn:virtualAuthenticators: true}
Session ID: b19501c9bb791a06fa3e17585dc78639">
      <![CDATA[org.openqa.selenium.TimeoutException: java.util.concurrent.TimeoutException
Build info: version: '4.20.0', revision: '866c76ca80'
System info: os.name: 'Windows 11', os.arch: 'amd64', os.version: '10.0', java.version: '21.0.1'
Driver info: org.openqa.selenium.chrome.ChromeDriver
Command: [b19501c9bb791a06fa3e17585dc78639, get {url=https://nsui.esigns.io/}]
Capabilities {acceptInsecureCerts: false, browserName: chrome, browserVersion: 125.0.6422.142, chrome: {chromedriverVersion: 125.0.6422.141 (4b1e8393712..., userDataDir: C:\Users\RAMYA~1.SIB\AppDat...}, fedcm:accounts: true, goog:chromeOptions: {debuggerAddress: localhost:51327}, networkConnectionEnabled: false, pageLoadStrategy: normal, platformName: windows, proxy: Proxy(), se:cdp: ws://localhost:51327/devtoo..., se:cdpVersion: 125.0.6422.142, setWindowRect: true, strictFileInteractability: false, timeouts: {implicit: 0, pageLoad: 300000, script: 30000}, unhandledPromptBehavior: dismiss and notify, webauthn:extension:credBlob: true, webauthn:extension:largeBlob: true, webauthn:extension:minPinLength: true, webauthn:extension:prf: true, webauthn:virtualAuthenticators: true}
Session ID: b19501c9bb791a06fa3e17585dc78639
at org.openqa.selenium.remote.http.jdk.JdkHttpClient.execute0(JdkHttpClient.java:396)
at org.openqa.selenium.remote.http.AddSeleniumUserAgent.lambda$apply$0(AddSeleniumUserAgent.java:42)
at org.openqa.selenium.remote.http.Filter.lambda$andFinally$1(Filter.java:55)
at org.openqa.selenium.remote.http.jdk.JdkHttpClient.execute(JdkHttpClient.java:352)
at org.openqa.selenium.remote.HttpCommandExecutor.execute(HttpCommandExecutor.java:187)
at org.openqa.selenium.remote.service.DriverCommandExecutor.invokeExecute(DriverCommandExecutor.java:216)
at org.openqa.selenium.remote.service.DriverCommandExecutor.execute(DriverCommandExecutor.java:174)
at org.openqa.selenium.remote.RemoteWebDriver.execute(RemoteWebDriver.java:518)
at org.openqa.selenium.remote.RemoteWebDriver.get(RemoteWebDriver.java:300)
at TestBase.Testcasebase.setUp(Testcasebase.java:48)
at Testcases_Ramya.DocumentscenarioTest.initialize(DocumentscenarioTest.java:32)
at java.base/java.util.concurrent.ThreadPoolExecutor.runWorker(ThreadPoolExecutor.java:1144)
at java.base/java.util.concurrent.ThreadPoolExecutor$Worker.run(ThreadPoolExecutor.java:642)
at java.base/java.lang.Thread.run(Thread.java:1583)
Caused by: java.util.concurrent.TimeoutException
at java.base/java.util.concurrent.CompletableFuture.timedGet(CompletableFuture.java:1960)
at java.base/java.util.concurrent.CompletableFuture.get(CompletableFuture.java:2095)
at org.openqa.selenium.remote.http.jdk.JdkHttpClient.execute0(JdkHttpClient.java:379)
... 27 more
... Removed 14 stack frames]]>
    </failure>
  </testcase> <!-- @BeforeMethod initialize -->
  <testcase classname="Testcases_Ramya.DocumentscenarioTest" name="@BeforeMethod initialize" time="0.0">
    <skipped/>
  </testcase> <!-- @BeforeMethod initialize -->
  <testcase classname="Testcases_Ramya.DocumentscenarioTest" name="@BeforeMethod initialize" time="0.0">
    <skipped/>
  </testcase> <!-- @BeforeMethod initialize -->
  <testcase classname="Testcases_Ramya.DocumentscenarioTest" name="@BeforeMethod initialize" time="0.0">
    <skipped/>
  </testcase> <!-- @BeforeMethod initialize -->
  <testcase classname="Testcases_Ramya.DocumentscenarioTest" name="@BeforeMethod initialize" time="0.0">
    <skipped/>
  </testcase> <!-- @BeforeMethod initialize -->
  <testcase classname="Testcases_Ramya.DocumentscenarioTest" name="@BeforeMethod initialize" time="0.0">
    <skipped/>
  </testcase> <!-- @BeforeMethod initialize -->
  <testcase classname="Testcases_Ramya.DocumentscenarioTest" name="@BeforeMethod initialize" time="0.0">
    <skipped/>
  </testcase> <!-- @BeforeMethod initialize -->
  <testcase classname="Testcases_Ramya.DocumentscenarioTest" name="@BeforeMethod initialize" time="0.0">
    <skipped/>
  </testcase> <!-- @BeforeMethod initialize -->
  <testcase classname="Testcases_Ramya.DocumentscenarioTest" name="@BeforeMethod initialize" time="0.0">
    <skipped/>
  </testcase> <!-- @BeforeMethod initialize -->
  <testcase classname="Testcases_Ramya.DocumentscenarioTest" name="@BeforeMethod initialize" time="0.0">
    <skipped/>
  </testcase> <!-- @BeforeMethod initialize -->
  <testcase classname="Testcases_Ramya.DocumentscenarioTest" name="@BeforeMethod initialize" time="0.0">
    <skipped/>
  </testcase> <!-- @BeforeMethod initialize -->
  <testcase classname="Testcases_Ramya.DocumentscenarioTest" name="@BeforeMethod initialize" time="0.0">
    <skipped/>
  </testcase> <!-- @BeforeMethod initialize -->
  <testcase classname="Testcases_Ramya.DocumentscenarioTest" name="@BeforeMethod initialize" time="0.0">
    <skipped/>
  </testcase> <!-- @BeforeMethod initialize -->
  <testcase classname="Testcases_Ramya.DocumentscenarioTest" name="@BeforeMethod initialize" time="0.0">
    <skipped/>
  </testcase> <!-- @BeforeMethod initialize -->
  <testcase classname="Testcases_Ramya.DocumentscenarioTest" name="@BeforeMethod initialize" time="0.0">
    <skipped/>
  </testcase> <!-- @BeforeMethod initialize -->
  <testcase classname="Testcases_Ramya.DocumentscenarioTest" name="@BeforeMethod initialize" time="0.0">
    <skipped/>
  </testcase> <!-- @BeforeMethod initialize -->
  <testcase classname="Testcases_Ramya.DocumentscenarioTest" name="@BeforeMethod initialize" time="0.0">
    <skipped/>
  </testcase> <!-- @BeforeMethod initialize -->
  <testcase classname="Testcases_Ramya.DocumentscenarioTest" name="@BeforeMethod initialize" time="0.0">
    <skipped/>
  </testcase> <!-- @BeforeMethod initialize -->
  <testcase classname="Testcases_Ramya.DocumentscenarioTest" name="@BeforeMethod initialize" time="0.0">
    <skipped/>
  </testcase> <!-- @BeforeMethod initialize -->
  <testcase classname="Testcases_Ramya.DocumentscenarioTest" name="@BeforeMethod initialize" time="0.0">
    <skipped/>
  </testcase> <!-- @BeforeMethod initialize -->
  <testcase classname="Testcases_Ramya.DocumentscenarioTest" name="@BeforeMethod initialize" time="0.0">
    <skipped/>
  </testcase> <!-- @BeforeMethod initialize -->
  <testcase classname="Testcases_Ramya.DocumentscenarioTest" name="@BeforeMethod initialize" time="0.0">
    <skipped/>
  </testcase> <!-- @BeforeMethod initialize -->
  <testcase classname="Testcases_Ramya.DocumentscenarioTest" name="@BeforeMethod initialize" time="0.0">
    <skipped/>
  </testcase> <!-- @BeforeMethod initialize -->
  <testcase classname="Testcases_Ramya.DocumentscenarioTest" name="@BeforeMethod initialize" time="0.0">
    <skipped/>
  </testcase> <!-- @BeforeMethod initialize -->
  <testcase classname="Testcases_Ramya.DocumentscenarioTest" name="@BeforeMethod initialize" time="0.0">
    <skipped/>
  </testcase> <!-- @BeforeMethod initialize -->
  <testcase classname="Testcases_Ramya.DocumentscenarioTest" name="@BeforeMethod initialize" time="0.0">
    <skipped/>
  </testcase> <!-- @BeforeMethod initialize -->
  <testcase classname="Testcases_Ramya.DocumentscenarioTest" name="@BeforeMethod initialize" time="0.0">
    <skipped/>
  </testcase> <!-- @BeforeMethod initialize -->
  <testcase classname="Testcases_Ramya.DocumentscenarioTest" name="@BeforeMethod initialize" time="0.0">
    <skipped/>
  </testcase> <!-- @BeforeMethod initialize -->
  <testcase classname="Testcases_Ramya.DocumentscenarioTest" name="@BeforeMethod initialize" time="0.0">
    <skipped/>
  </testcase> <!-- @BeforeMethod initialize -->
  <testcase classname="Testcases_Ramya.DocumentscenarioTest" name="@BeforeMethod initialize" time="0.0">
    <skipped/>
  </testcase> <!-- @BeforeMethod initialize -->
  <testcase classname="Testcases_Ramya.DocumentscenarioTest" name="@BeforeMethod initialize" time="0.0">
    <skipped/>
  </testcase> <!-- @BeforeMethod initialize -->
  <testcase classname="Testcases_Ramya.DocumentscenarioTest" name="@BeforeMethod initialize" time="0.0">
    <skipped/>
  </testcase> <!-- @BeforeMethod initialize -->
  <testcase classname="Testcases_Ramya.DocumentscenarioTest" name="@BeforeMethod initialize" time="0.0">
    <skipped/>
  </testcase> <!-- @BeforeMethod initialize -->
  <testcase classname="Testcases_Ramya.DocumentscenarioTest" name="@BeforeMethod initialize" time="0.0">
    <skipped/>
  </testcase> <!-- @BeforeMethod initialize -->
  <testcase classname="Testcases_Ramya.DocumentscenarioTest" name="@BeforeMethod initialize" time="0.0">
    <skipped/>
  </testcase> <!-- @BeforeMethod initialize -->
  <testcase classname="Testcases_Ramya.DocumentscenarioTest" name="@BeforeMethod initialize" time="0.0">
    <skipped/>
  </testcase> <!-- @BeforeMethod initialize -->
  <testcase classname="Testcases_Ramya.DocumentscenarioTest" name="@BeforeMethod initialize" time="0.0">
    <skipped/>
  </testcase> <!-- @BeforeMethod initialize -->
  <testcase classname="Testcases_Ramya.DocumentscenarioTest" name="@BeforeMethod initialize" time="0.0">
    <skipped/>
  </testcase> <!-- @BeforeMethod initialize -->
  <testcase classname="Testcases_Ramya.DocumentscenarioTest" name="@BeforeMethod initialize" time="0.0">
    <skipped/>
  </testcase> <!-- @BeforeMethod initialize -->
  <testcase classname="Testcases_Ramya.DocumentscenarioTest" name="@BeforeMethod initialize" time="0.0">
    <skipped/>
  </testcase> <!-- @BeforeMethod initialize -->
  <testcase classname="Testcases_Ramya.DocumentscenarioTest" name="@BeforeMethod initialize" time="0.0">
    <skipped/>
  </testcase> <!-- @BeforeMethod initialize -->
  <testcase classname="Testcases_Ramya.DocumentscenarioTest" name="@BeforeMethod initialize" time="0.0">
    <skipped/>
  </testcase> <!-- @BeforeMethod initialize -->
  <testcase classname="Testcases_Ramya.DocumentscenarioTest" name="@BeforeMethod initialize" time="0.0">
    <skipped/>
  </testcase> <!-- @BeforeMethod initialize -->
  <testcase classname="Testcases_Ramya.DocumentscenarioTest" name="@BeforeMethod initialize" time="0.0">
    <skipped/>
  </testcase> <!-- @BeforeMethod initialize -->
  <testcase classname="Testcases_Ramya.DocumentscenarioTest" name="@BeforeMethod initialize" time="0.0">
    <skipped/>
  </testcase> <!-- @BeforeMethod initialize -->
  <testcase classname="Testcases_Ramya.DocumentscenarioTest" name="@BeforeMethod initialize" time="0.0">
    <skipped/>
  </testcase> <!-- @BeforeMethod initialize -->
  <testcase classname="Testcases_Ramya.DocumentscenarioTest" name="@BeforeMethod initialize" time="0.0">
    <skipped/>
  </testcase> <!-- @BeforeMethod initialize -->
  <testcase classname="Testcases_Ramya.DocumentscenarioTest" name="@BeforeMethod initialize" time="0.0">
    <skipped/>
  </testcase> <!-- @BeforeMethod initialize -->
  <testcase classname="Testcases_Ramya.DocumentscenarioTest" name="@BeforeMethod initialize" time="0.0">
    <skipped/>
  </testcase> <!-- @BeforeMethod initialize -->
  <testcase classname="Testcases_Ramya.DocumentscenarioTest" name="@BeforeMethod initialize" time="0.0">
    <skipped/>
  </testcase> <!-- @BeforeMethod initialize -->
  <testcase classname="Testcases_Ramya.DocumentscenarioTest" name="@BeforeMethod initialize" time="0.0">
    <skipped/>
  </testcase> <!-- @BeforeMethod initialize -->
  <testcase classname="Testcases_Ramya.DocumentscenarioTest" name="@BeforeMethod initialize" time="0.0">
    <skipped/>
  </testcase> <!-- @BeforeMethod initialize -->
  <testcase classname="Testcases_Ramya.DocumentscenarioTest" name="@BeforeMethod initialize" time="0.0">
    <skipped/>
  </testcase> <!-- @BeforeMethod initialize -->
  <testcase classname="Testcases_Ramya.DocumentscenarioTest" name="@BeforeMethod initialize" time="0.0">
    <skipped/>
  </testcase> <!-- @BeforeMethod initialize -->
  <testcase classname="Testcases_Ramya.DocumentscenarioTest" name="@BeforeMethod initialize" time="0.0">
    <skipped/>
  </testcase> <!-- @BeforeMethod initialize -->
  <testcase classname="Testcases_Ramya.DocumentscenarioTest" name="@BeforeMethod initialize" time="0.0">
    <skipped/>
  </testcase> <!-- @BeforeMethod initialize -->
  <testcase classname="Testcases_Ramya.DocumentscenarioTest" name="@BeforeMethod initialize" time="0.0">
    <skipped/>
  </testcase> <!-- @BeforeMethod initialize -->
  <testcase classname="Testcases_Ramya.DocumentscenarioTest" name="@BeforeMethod initialize" time="0.0">
    <skipped/>
  </testcase> <!-- @BeforeMethod initialize -->
  <testcase classname="Testcases_Ramya.DocumentscenarioTest" name="@BeforeMethod initialize" time="0.0">
    <skipped/>
  </testcase> <!-- @BeforeMethod initialize -->
  <testcase classname="Testcases_Ramya.DocumentscenarioTest" name="@BeforeMethod initialize" time="0.0">
    <skipped/>
  </testcase> <!-- @BeforeMethod initialize -->
  <testcase classname="Testcases_Ramya.DocumentscenarioTest" name="@BeforeMethod initialize" time="0.0">
    <skipped/>
  </testcase> <!-- @BeforeMethod initialize -->
  <testcase classname="Testcases_Ramya.DocumentscenarioTest" name="@BeforeMethod initialize" time="0.0">
    <skipped/>
  </testcase> <!-- @BeforeMethod initialize -->
  <testcase classname="Testcases_Ramya.DocumentscenarioTest" name="@BeforeMethod initialize" time="0.0">
    <skipped/>
  </testcase> <!-- @BeforeMethod initialize -->
  <testcase classname="Testcases_Ramya.DocumentscenarioTest" name="@BeforeMethod initialize" time="0.0">
    <skipped/>
  </testcase> <!-- @BeforeMethod initialize -->
  <testcase classname="Testcases_Ramya.DocumentscenarioTest" name="@BeforeMethod initialize" time="0.0">
    <skipped/>
  </testcase> <!-- @BeforeMethod initialize -->
  <testcase classname="Testcases_Ramya.DocumentscenarioTest" name="@BeforeMethod initialize" time="0.0">
    <skipped/>
  </testcase> <!-- @BeforeMethod initialize -->
  <testcase classname="Testcases_Ramya.DocumentscenarioTest" name="@BeforeMethod initialize" time="0.0">
    <skipped/>
  </testcase> <!-- @BeforeMethod initialize -->
  <testcase classname="Testcases_Ramya.DocumentscenarioTest" name="@BeforeMethod initialize" time="0.0">
    <skipped/>
  </testcase> <!-- @BeforeMethod initialize -->
  <testcase classname="Testcases_Ramya.DocumentscenarioTest" name="@BeforeMethod initialize" time="0.0">
    <skipped/>
  </testcase> <!-- @BeforeMethod initialize -->
  <testcase classname="Testcases_Ramya.DocumentscenarioTest" name="@BeforeMethod initialize" time="0.0">
    <skipped/>
  </testcase> <!-- @BeforeMethod initialize -->
  <testcase classname="Testcases_Ramya.DocumentscenarioTest" name="@BeforeMethod initialize" time="0.0">
    <skipped/>
  </testcase> <!-- @BeforeMethod initialize -->
  <testcase classname="Testcases_Ramya.DocumentscenarioTest" name="@BeforeMethod initialize" time="0.0">
    <skipped/>
  </testcase> <!-- @BeforeMethod initialize -->
  <testcase classname="Testcases_Ramya.DocumentscenarioTest" name="@BeforeMethod initialize" time="0.0">
    <skipped/>
  </testcase> <!-- @BeforeMethod initialize -->
  <testcase classname="Testcases_Ramya.DocumentscenarioTest" name="@BeforeMethod initialize" time="0.0">
    <skipped/>
  </testcase> <!-- @BeforeMethod initialize -->
  <testcase classname="Testcases_Ramya.DocumentscenarioTest" name="@BeforeMethod initialize" time="0.0">
    <skipped/>
  </testcase> <!-- @BeforeMethod initialize -->
  <testcase classname="Testcases_Ramya.DocumentscenarioTest" name="@BeforeMethod initialize" time="0.0">
    <skipped/>
  </testcase> <!-- @BeforeMethod initialize -->
  <testcase classname="Testcases_Ramya.DocumentscenarioTest" name="@BeforeMethod initialize" time="0.0">
    <skipped/>
  </testcase> <!-- @BeforeMethod initialize -->
  <testcase classname="Testcases_Ramya.DocumentscenarioTest" name="@BeforeMethod initialize" time="0.0">
    <skipped/>
  </testcase> <!-- @BeforeMethod initialize -->
  <testcase classname="Testcases_Ramya.DocumentscenarioTest" name="@BeforeMethod initialize" time="0.0">
    <skipped/>
  </testcase> <!-- @BeforeMethod initialize -->
  <testcase classname="Testcases_Ramya.DocumentscenarioTest" name="@BeforeMethod initialize" time="0.0">
    <skipped/>
  </testcase> <!-- @BeforeMethod initialize -->
  <testcase classname="Testcases_Ramya.DocumentscenarioTest" name="@BeforeMethod initialize" time="0.0">
    <skipped/>
  </testcase> <!-- @BeforeMethod initialize -->
  <testcase classname="Testcases_Ramya.DocumentscenarioTest" name="@BeforeMethod initialize" time="0.0">
    <skipped/>
  </testcase> <!-- @BeforeMethod initialize -->
  <testcase classname="Testcases_Ramya.DocumentscenarioTest" name="@BeforeMethod initialize" time="0.0">
    <skipped/>
  </testcase> <!-- @BeforeMethod initialize -->
  <testcase classname="Testcases_Ramya.DocumentscenarioTest" name="@BeforeMethod initialize" time="0.0">
    <skipped/>
  </testcase> <!-- @BeforeMethod initialize -->
  <testcase classname="Testcases_Ramya.DocumentscenarioTest" name="@BeforeMethod initialize" time="0.0">
    <skipped/>
  </testcase> <!-- @BeforeMethod initialize -->
  <testcase classname="Testcases_Ramya.DocumentscenarioTest" name="@BeforeMethod initialize" time="0.0">
    <skipped/>
  </testcase> <!-- @BeforeMethod initialize -->
  <testcase classname="Testcases_Ramya.DocumentscenarioTest" name="@BeforeMethod initialize" time="0.0">
    <skipped/>
  </testcase> <!-- @BeforeMethod initialize -->
  <testcase classname="Testcases_Ramya.DocumentscenarioTest" name="@BeforeMethod initialize" time="0.0">
    <skipped/>
  </testcase> <!-- @BeforeMethod initialize -->
  <testcase classname="Testcases_Ramya.DocumentscenarioTest" name="VerifyAddEntityfieldstodocumentprimaryfields4" time="0.0">
    <skipped/>
  </testcase> <!-- VerifyAddEntityfieldstodocumentprimaryfields4 -->
  <testcase classname="Testcases_Ramya.DocumentscenarioTest" name="VerifyLoginFunctionalityWithValidCredantials" time="0.0">
    <skipped/>
  </testcase> <!-- VerifyLoginFunctionalityWithValidCredantials -->
  <testcase classname="Testcases_Ramya.DocumentscenarioTest" name="VerifyUpdateAddEntityfieldstodocumentprimaryfields" time="0.0">
    <skipped/>
  </testcase> <!-- VerifyUpdateAddEntityfieldstodocumentprimaryfields -->
  <testcase classname="Testcases_Ramya.DocumentscenarioTest" name="VerifyUpdateafteruserfinishesthedocument" time="0.0">
    <skipped/>
  </testcase> <!-- VerifyUpdateafteruserfinishesthedocument -->
  <testcase classname="Testcases_Ramya.DocumentscenarioTest" name="VerifyAppSigSenderorderWOEWOA" time="0.0">
    <skipped/>
  </testcase> <!-- VerifyAppSigSenderorderWOEWOA -->
  <testcase classname="Testcases_Ramya.DocumentscenarioTest" name="VerifySendersigCCorderWOEWOA" time="0.0">
    <skipped/>
  </testcase> <!-- VerifySendersigCCorderWOEWOA -->
  <testcase classname="Testcases_Ramya.DocumentscenarioTest" name="VerifySigSenderCCorderWOEWOA" time="0.0">
    <skipped/>
  </testcase> <!-- VerifySigSenderCCorderWOEWOA -->
  <testcase classname="Testcases_Ramya.DocumentscenarioTest" name="VerifyCCSenderSingerWOEWOA" time="0.0">
    <skipped/>
  </testcase> <!-- VerifyCCSenderSingerWOEWOA -->
  <testcase classname="Testcases_Ramya.DocumentscenarioTest" name="VerifySingerCCSenderWOEWOA" time="0.0">
    <skipped/>
  </testcase> <!-- VerifySingerCCSenderWOEWOA -->
  <testcase classname="Testcases_Ramya.DocumentscenarioTest" name="VerifySenderCCSignerWOEWOA" time="0.0">
    <skipped/>
  </testcase> <!-- VerifySenderCCSignerWOEWOA -->
  <testcase classname="Testcases_Ramya.DocumentscenarioTest" name="VerifyCCSignerSenderWOEWOA" time="0.0">
    <skipped/>
  </testcase> <!-- VerifyCCSignerSenderWOEWOA -->
  <testcase classname="Testcases_Ramya.DocumentscenarioTest" name="VerifyMultpleApproverSender" time="0.0">
    <skipped/>
  </testcase> <!-- VerifyMultpleApproverSender -->
  <testcase classname="Testcases_Ramya.DocumentscenarioTest" name="VerifySenderMultipleApprovers" time="0.0">
    <skipped/>
  </testcase> <!-- VerifySenderMultipleApprovers -->
  <testcase classname="Testcases_Ramya.DocumentscenarioTest" name="VerifySenderMultipleCC" time="0.0">
    <skipped/>
  </testcase> <!-- VerifySenderMultipleCC -->
  <testcase classname="Testcases_Ramya.DocumentscenarioTest" name="VerifyMultpleCCSender" time="0.0">
    <skipped/>
  </testcase> <!-- VerifyMultpleCCSender -->
  <testcase classname="Testcases_Ramya.DocumentscenarioTest" name="VerifyDocForSingleSender" time="0.0">
    <skipped/>
  </testcase> <!-- VerifyDocForSingleSender -->
  <testcase classname="Testcases_Ramya.DocumentscenarioTest" name="VerifyDaftsentdocument" time="0.0">
    <skipped/>
  </testcase> <!-- VerifyDaftsentdocument -->
  <testcase classname="Testcases_Ramya.DocumentscenarioTest" name="VerifyDraftrenamedocument" time="0.0">
    <skipped/>
  </testcase> <!-- VerifyDraftrenamedocument -->
  <testcase classname="Testcases_Ramya.DocumentscenarioTest" name="VerifyDraftSaveAsTemplate" time="0.0">
    <skipped/>
  </testcase> <!-- VerifyDraftSaveAsTemplate -->
  <testcase classname="Testcases_Ramya.DocumentscenarioTest" name="VerifyDraftDeleteDocument" time="0.0">
    <skipped/>
  </testcase> <!-- VerifyDraftDeleteDocument -->
  <testcase classname="Testcases_Ramya.DocumentscenarioTest" name="VerifyDraftDocumentSettings" time="0.0">
    <skipped/>
  </testcase> <!-- VerifyDraftDocumentSettings -->
  <testcase classname="Testcases_Ramya.DocumentscenarioTest" name="VerifyDraftDownloadOriginal" time="0.0">
    <skipped/>
  </testcase> <!-- VerifyDraftDownloadOriginal -->
  <testcase classname="Testcases_Ramya.DocumentscenarioTest" name="VerifySentCorrectDocument" time="0.0">
    <skipped/>
  </testcase> <!-- VerifySentCorrectDocument -->
  <testcase classname="Testcases_Ramya.DocumentscenarioTest" name="VerifySentResenddocument" time="0.0">
    <skipped/>
  </testcase> <!-- VerifySentResenddocument -->
  <testcase classname="Testcases_Ramya.DocumentscenarioTest" name="VerifySentsavetoTemplate" time="0.0">
    <skipped/>
  </testcase> <!-- VerifySentsavetoTemplate -->
  <testcase classname="Testcases_Ramya.DocumentscenarioTest" name="VerifySentVoiddocument" time="0.0">
    <skipped/>
  </testcase> <!-- VerifySentVoiddocument -->
  <testcase classname="Testcases_Ramya.DocumentscenarioTest" name="VerifySentRenamedocument" time="0.0">
    <skipped/>
  </testcase> <!-- VerifySentRenamedocument -->
  <testcase classname="Testcases_Ramya.DocumentscenarioTest" name="VerifySentdocumentsettings" time="0.0">
    <skipped/>
  </testcase> <!-- VerifySentdocumentsettings -->
  <testcase classname="Testcases_Ramya.DocumentscenarioTest" name="VerifySentDeletedocument" time="0.0">
    <skipped/>
  </testcase> <!-- VerifySentDeletedocument -->
  <testcase classname="Testcases_Ramya.DocumentscenarioTest" name="VerifyApprovedCorrectdocumentDocuments" time="0.0">
    <skipped/>
  </testcase> <!-- VerifyApprovedCorrectdocumentDocuments -->
  <testcase classname="Testcases_Ramya.DocumentscenarioTest" name="VerifyApprovedResendDocument" time="0.0">
    <skipped/>
  </testcase> <!-- VerifyApprovedResendDocument -->
  <testcase classname="Testcases_Ramya.DocumentscenarioTest" name="VerifyApprovedSaveAsTemplate" time="0.0">
    <skipped/>
  </testcase> <!-- VerifyApprovedSaveAsTemplate -->
  <testcase classname="Testcases_Ramya.DocumentscenarioTest" name="VerifyApprovedVoidDocument" time="0.0">
    <skipped/>
  </testcase> <!-- VerifyApprovedVoidDocument -->
  <testcase classname="Testcases_Ramya.DocumentscenarioTest" name="VerifyApprovedRenameDocument" time="0.0">
    <skipped/>
  </testcase> <!-- VerifyApprovedRenameDocument -->
  <testcase classname="Testcases_Ramya.DocumentscenarioTest" name="VerifyApprovedDocumentSettings" time="0.0">
    <skipped/>
  </testcase> <!-- VerifyApprovedDocumentSettings -->
  <testcase classname="Testcases_Ramya.DocumentscenarioTest" name="VerifyApprovedApprovedDeleteDocument" time="0.0">
    <skipped/>
  </testcase> <!-- VerifyApprovedApprovedDeleteDocument -->
  <testcase classname="Testcases_Ramya.DocumentscenarioTest" name="VerifyDelineddocument" time="0.0">
    <skipped/>
  </testcase> <!-- VerifyDelineddocument -->
  <testcase classname="Testcases_Ramya.DocumentscenarioTest" name="VerifyDeclinedDeclinedRenamedocument" time="0.0">
    <skipped/>
  </testcase> <!-- VerifyDeclinedDeclinedRenamedocument -->
  <testcase classname="Testcases_Ramya.DocumentscenarioTest" name="VerifyDeclinedVoiddocument" time="0.0">
    <skipped/>
  </testcase> <!-- VerifyDeclinedVoiddocument -->
  <testcase classname="Testcases_Ramya.DocumentscenarioTest" name="VerifyDeclinedDocumentSettings" time="0.0">
    <skipped/>
  </testcase> <!-- VerifyDeclinedDocumentSettings -->
  <testcase classname="Testcases_Ramya.DocumentscenarioTest" name="VerifyDeclinedDeletedocument" time="0.001">
    <skipped/>
  </testcase> <!-- VerifyDeclinedDeletedocument -->
  <testcase classname="Testcases_Ramya.DocumentscenarioTest" name="VerifYVoidSaveastemplate" time="0.0">
    <skipped/>
  </testcase> <!-- VerifYVoidSaveastemplate -->
  <testcase classname="Testcases_Ramya.DocumentscenarioTest" name="VerifyVoidClonedocument" time="0.0">
    <skipped/>
  </testcase> <!-- VerifyVoidClonedocument -->
  <testcase classname="Testcases_Ramya.DocumentscenarioTest" name="VerifyVoidDeletedocument" time="0.0">
    <skipped/>
  </testcase> <!-- VerifyVoidDeletedocument -->
  <testcase classname="Testcases_Ramya.DocumentscenarioTest" name="VerifyArchivedRenamedocuments" time="0.0">
    <skipped/>
  </testcase> <!-- VerifyArchivedRenamedocuments -->
  <testcase classname="Testcases_Ramya.DocumentscenarioTest" name="VerifyArchivedUndodocument" time="0.0">
    <skipped/>
  </testcase> <!-- VerifyArchivedUndodocument -->
  <testcase classname="Testcases_Ramya.DocumentscenarioTest" name="VerifyArchivedPermanentdelete" time="0.0">
    <skipped/>
  </testcase> <!-- VerifyArchivedPermanentdelete -->
  <testcase classname="Testcases_Ramya.DocumentscenarioTest" name="VerifyCompletedSaveastemplate" time="0.0">
    <skipped/>
  </testcase> <!-- VerifyCompletedSaveastemplate -->
  <testcase classname="Testcases_Ramya.DocumentscenarioTest" name="VerifyCompletedSharewithothers" time="0.0">
    <skipped/>
  </testcase> <!-- VerifyCompletedSharewithothers -->
  <testcase classname="Testcases_Ramya.DocumentscenarioTest" name="VerifyCompletedClonedocument" time="0.0">
    <skipped/>
  </testcase> <!-- VerifyCompletedClonedocument -->
  <testcase classname="Testcases_Ramya.DocumentscenarioTest" name="VerifyCompletedRenamedocument" time="0.0">
    <skipped/>
  </testcase> <!-- VerifyCompletedRenamedocument -->
  <testcase classname="Testcases_Ramya.DocumentscenarioTest" name="VerifyCompletedDownloaddocuement" time="0.001">
    <skipped/>
  </testcase> <!-- VerifyCompletedDownloaddocuement -->
  <testcase classname="Testcases_Ramya.DocumentscenarioTest" name="VerifyCompletedDeletedocuement" time="0.0">
    <skipped/>
  </testcase> <!-- VerifyCompletedDeletedocuement -->
  <testcase classname="Testcases_Ramya.DocumentscenarioTest" name="VerifyCompletedSenttomail" time="0.0">
    <skipped/>
  </testcase> <!-- VerifyCompletedSenttomail -->
  <testcase classname="Testcases_Ramya.DocumentscenarioTest" name="VerifyWaitformeWaitforme" time="0.0">
    <skipped/>
  </testcase> <!-- VerifyWaitformeWaitforme -->
  <testcase classname="Testcases_Ramya.DocumentscenarioTest" name="VerifyWaitingForOthersCorrectdocument" time="0.0">
    <skipped/>
  </testcase> <!-- VerifyWaitingForOthersCorrectdocument -->
  <testcase classname="Testcases_Ramya.DocumentscenarioTest" name="VerifyWaitingForOthersResenddocument" time="0.0">
    <skipped/>
  </testcase> <!-- VerifyWaitingForOthersResenddocument -->
  <testcase classname="Testcases_Ramya.DocumentscenarioTest" name="VerifyWaitingForOthersSaveastemplate" time="0.0">
    <skipped/>
  </testcase> <!-- VerifyWaitingForOthersSaveastemplate -->
  <testcase classname="Testcases_Ramya.DocumentscenarioTest" name="VerifyWaitingForOthersVoiddocument" time="0.0">
    <skipped/>
  </testcase> <!-- VerifyWaitingForOthersVoiddocument -->
  <testcase classname="Testcases_Ramya.DocumentscenarioTest" name="VerifyWaitingForOthersRenamedocument" time="0.0">
    <skipped/>
  </testcase> <!-- VerifyWaitingForOthersRenamedocument -->
  <testcase classname="Testcases_Ramya.DocumentscenarioTest" name="VerifyWaitingForOthersDocumentsettings" time="0.0">
    <skipped/>
  </testcase> <!-- VerifyWaitingForOthersDocumentsettings -->
  <testcase classname="Testcases_Ramya.DocumentscenarioTest" name="VerifyWaitingForOthersDeletedocument" time="0.0">
    <skipped/>
  </testcase> <!-- VerifyWaitingForOthersDeletedocument -->
  <testcase classname="Testcases_Ramya.DocumentscenarioTest" name="VerifyProcessSingleDoc" time="0.0">
    <skipped/>
  </testcase> <!-- VerifyProcessSingleDoc -->
  <testcase classname="Testcases_Ramya.DocumentscenarioTest" name="VerifyProcessWithOutSingledoc" time="0.0">
    <skipped/>
  </testcase> <!-- VerifyProcessWithOutSingledoc -->
  <testcase classname="Testcases_Ramya.DocumentscenarioTest" name="VerfySaveAsDraft" time="0.0">
    <skipped/>
  </testcase> <!-- VerfySaveAsDraft -->
  <testcase classname="Testcases_Ramya.DocumentscenarioTest" name="VerifySettings" time="0.0">
    <skipped/>
  </testcase> <!-- VerifySettings -->
  <testcase classname="Testcases_Ramya.DocumentscenarioTest" name="VerifyChangeDoc" time="0.0">
    <skipped/>
  </testcase> <!-- VerifyChangeDoc -->
  <testcase classname="Testcases_Ramya.DocumentscenarioTest" name="VerifyLockFields" time="0.0">
    <skipped/>
  </testcase> <!-- VerifyLockFields -->
  <testcase classname="Testcases_Ramya.DocumentscenarioTest" name="VerifyAddPages" time="0.0">
    <skipped/>
  </testcase> <!-- VerifyAddPages -->
  <testcase classname="Testcases_Ramya.DocumentscenarioTest" name="VerifyDeletePages" time="0.0">
    <skipped/>
  </testcase> <!-- VerifyDeletePages -->
  <testcase classname="Testcases_Ramya.DocumentscenarioTest" name="VerifyApproverSenderapprove" time="0.0">
    <skipped/>
  </testcase> <!-- VerifyApproverSenderapprove -->
  <testcase classname="Testcases_Ramya.DocumentscenarioTest" name="VerifyApproverSenderDecline" time="0.0">
    <skipped/>
  </testcase> <!-- VerifyApproverSenderDecline -->
  <testcase classname="Testcases_Ramya.DocumentscenarioTest" name="Verifyotheroptionsfinishlater" time="0.0">
    <skipped/>
  </testcase> <!-- Verifyotheroptionsfinishlater -->
  <testcase classname="Testcases_Ramya.DocumentscenarioTest" name="Verifyotheroptionsprintandsign" time="0.0">
    <skipped/>
  </testcase> <!-- Verifyotheroptionsprintandsign -->
  <testcase classname="Testcases_Ramya.DocumentscenarioTest" name="VerifyOtheroptionsdownload" time="0.0">
    <skipped/>
  </testcase> <!-- VerifyOtheroptionsdownload -->
  <testcase classname="Testcases_Ramya.DocumentscenarioTest" name="Verifyotheroptionshistory" time="0.001">
    <skipped/>
  </testcase> <!-- Verifyotheroptionshistory -->
  <testcase classname="Testcases_Ramya.DocumentscenarioTest" name="Verifyotheroptionssettings" time="0.001">
    <skipped/>
  </testcase> <!-- Verifyotheroptionssettings -->
  <testcase classname="Testcases_Ramya.DocumentscenarioTest" name="VerifyotheroptionsCorrectdoc" time="0.0">
    <skipped/>
  </testcase> <!-- VerifyotheroptionsCorrectdoc -->
  <testcase classname="Testcases_Ramya.DocumentscenarioTest" name="Verifyotheroptionssaveastem" time="0.0">
    <skipped/>
  </testcase> <!-- Verifyotheroptionssaveastem -->
  <testcase classname="Testcases_Ramya.DocumentscenarioTest" name="Verifyotheroptionsvoiddoc" time="0.0">
    <skipped/>
  </testcase> <!-- Verifyotheroptionsvoiddoc -->
  <testcase classname="Testcases_Ramya.DocumentscenarioTest" name="Verifychatandlogs" time="0.0">
    <skipped/>
  </testcase> <!-- Verifychatandlogs -->
  <testcase classname="Testcases_Ramya.DocumentscenarioTest" name="VerifyOtheroptionsdeletedocument" time="0.0">
    <skipped/>
  </testcase> <!-- VerifyOtheroptionsdeletedocument -->
  <testcase classname="Testcases_Ramya.DocumentscenarioTest" name="VerifyPdfAutoFillreceiver" time="0.0">
    <skipped/>
  </testcase> <!-- VerifyPdfAutoFillreceiver -->
  <testcase classname="Testcases_Ramya.DocumentscenarioTest" name="VerifyBuldDeleteDocuments" time="0.0">
    <skipped/>
  </testcase> <!-- VerifyBuldDeleteDocuments -->
  <testcase classname="Testcases_Ramya.DocumentscenarioTest" name="VerifyStrikeEraseuploadDocument" time="0.0">
    <skipped/>
  </testcase> <!-- VerifyStrikeEraseuploadDocument -->
  <testcase classname="Testcases_Ramya.DocumentscenarioTest" name="SplitSinglelineText" time="0.0">
    <skipped/>
  </testcase> <!-- SplitSinglelineText -->
  <testcase classname="Testcases_Ramya.DocumentscenarioTest" name="Verifychangeuser" time="0.0">
    <skipped/>
  </testcase> <!-- Verifychangeuser -->
  <testcase classname="Testcases_Ramya.DocumentscenarioTest" name="VerifyCopylink" time="0.0">
    <skipped/>
  </testcase> <!-- VerifyCopylink -->
  <testcase classname="Testcases_Ramya.DocumentscenarioTest" name="VerifyClonedocumentForsinglesender" time="0.0">
    <skipped/>
  </testcase> <!-- VerifyClonedocumentForsinglesender -->
</testsuite> <!-- Test Parallel -->
